
> react-hooks-react-router-routes-lab@0.1.0 server
> json-server --watch db.json --port 4000

--watch/-w can be omitted, JSON Server 1+ watches for file changes by default
node:events:497
      throw er; // Unhandled 'error' event
      ^

Error: listen EADDRINUSE: address already in use :::4000
    at Server.setupListenHandle [as _listen2] (node:net:1898:16)
    at listenInCluster (node:net:1955:12)
    at Server.listen (node:net:2057:7)
    at App.listen (file:///home/joan/Documents/react-hooks-react-router-routes-lab-v6/node_modules/@tinyhttp/app/dist/app.js:364:58)
    at file:///home/joan/Documents/react-hooks-react-router-routes-lab-v6/node_modules/json-server/lib/bin.js:132:5
Emitted 'error' event on Server instance at:
    at emitErrorNT (node:net:1934:8)
    at process.processTicksAndRejections (node:internal/process/task_queues:82:21) {
  code: 'EADDRINUSE',
  errno: -98,
  syscall: 'listen',
  address: '::',
  port: 4000
}

Node.js v20.16.0
